<?xml version="1.0" encoding="UTF-8"?>
<!-- Generated by org.testng.reporters.JUnitXMLReporter -->
<testsuite hostname="SEGOTW10383333" ignored="0" name="Surefire test" tests="3" failures="0" timestamp="2019-09-09T15:21:32 CEST" time="0.063" errors="0">
  <testcase name="@BeforeClass SetUpClass" time="0.031" classname="com.fayaaz.ali.Integration.UserManagerITTest">
    <failure type="java.sql.SQLException" message="No suitable driver found for jdbc:h2:mem:test">
      <![CDATA[java.sql.SQLException: No suitable driver found for jdbc:h2:mem:test
at java.sql.DriverManager.getConnection(DriverManager.java:689)
at java.sql.DriverManager.getConnection(DriverManager.java:270)
at com.fayaaz.ali.services.BaseTest.getH2Connection(BaseTest.java:35)
at com.fayaaz.ali.Integration.UserManagerITTest.SetUpClass(UserManagerITTest.java:25)
at java.util.ArrayList.forEach(ArrayList.java:1257)
... Removed 30 stack frames]]>
    </failure>
  </testcase> <!-- @BeforeClass SetUpClass -->
  <testcase name="@AfterClass TearDownClass" time="-1.568035292049E9" classname="com.fayaaz.ali.Integration.UserManagerITTest">
    <skipped/>
  </testcase> <!-- @AfterClass TearDownClass -->
  <testcase name="shouldReturnAnInstanceofUserManager" time="0.0" classname="com.fayaaz.ali.Integration.UserManagerITTest">
    <skipped/>
  </testcase> <!-- shouldReturnAnInstanceofUserManager -->
  <testcase name="shouldReturnListOfAllUsersWhenGetAllUsersCalled" time="0.0" classname="com.fayaaz.ali.Integration.UserManagerITTest">
    <skipped/>
  </testcase> <!-- shouldReturnListOfAllUsersWhenGetAllUsersCalled -->
  <testcase name="shouldReturnTrue" time="0.0" classname="com.fayaaz.ali.Integration.UserManagerITTest">
    <skipped/>
  </testcase> <!-- shouldReturnTrue -->
</testsuite> <!-- Surefire test -->
