<?xml version="1.0" encoding="UTF-8"?>
<testsuite xmlns:xsi="http://www.w3.org/2001/XMLSchema-instance" xsi:noNamespaceSchemaLocation="https://maven.apache.org/surefire/maven-surefire-plugin/xsd/surefire-test-report.xsd" name="TestSuite" time="1.221" tests="19" errors="0" skipped="9" failures="3">
  <properties>
[...]
</properties>
  <testcase name="SetUpClass" classname="com.fayaaz.ali.Integration.UserManagerITTest" time="0.397">
    <failure message="No suitable driver found for jdbc:h2:mem:test" type="java.sql.SQLException">java.sql.SQLException: No suitable driver found for jdbc:h2:mem:test
	at com.fayaaz.ali.Integration.UserManagerITTest.SetUpClass(UserManagerITTest.java:25)
</failure>
  </testcase>
  <testcase name="shouldReturnAnInstanceofUserManager" classname="com.fayaaz.ali.Integration.UserManagerITTest" time="0">
    <skipped message="No suitable driver found for jdbc:h2:mem:test"/>
  </testcase>
  <testcase name="shouldReturnListOfAllUsersWhenGetAllUsersCalled" classname="com.fayaaz.ali.Integration.UserManagerITTest" time="0">
    <skipped message="No suitable driver found for jdbc:h2:mem:test"/>
  </testcase>
  <testcase name="shouldReturnTrue" classname="com.fayaaz.ali.Integration.UserManagerITTest" time="0">
    <skipped message="No suitable driver found for jdbc:h2:mem:test"/>
  </testcase>
  <testcase name="TearDownClass" classname="com.fayaaz.ali.Integration.UserManagerITTest" time="0">
    <skipped/>
  </testcase>
  <testcase name="shouldAnswerWithTrue on shouldAnswerWithTrue(com.fayaaz.ali.AppTest)" classname="com.fayaaz.ali.AppTest" time="0"/>
  <testcase name="shouldReturnTwoWhenOnePlusOneCalledOnAdd on shouldReturnTwoWhenOnePlusOneCalledOnAdd(com.fayaaz.ali.CalculatorTest)" classname="com.fayaaz.ali.CalculatorTest" time="0.351"/>
  <testcase name="shouldReturnInstanceOfACalculator on shouldReturnInstanceOfACalculator(com.fayaaz.ali.CalculatorTest)" classname="com.fayaaz.ali.CalculatorTest" time="0.001"/>
  <testcase name="shouldReturnInstanceOfUserManager on shouldReturnInstanceOfUserManager(com.fayaaz.ali.managers.UserManagerTest)" classname="com.fayaaz.ali.managers.UserManagerTest" time="0.001"/>
  <testcase name="showReturnListOfUser on showReturnListOfUser(com.fayaaz.ali.managers.UserManagerTest)" classname="com.fayaaz.ali.managers.UserManagerTest" time="0.016"/>
  <testcase name="null on com.fayaaz.ali.repositories.UserRepositoriesTest" classname="com.fayaaz.ali.repositories.UserRepositoriesTest" time="0.021">
    <failure message="No suitable driver found for jdbc:h2:mem:test" type="java.sql.SQLException">java.sql.SQLException: No suitable driver found for jdbc:h2:mem:test
	at com.fayaaz.ali.repositories.UserRepositoriesTest.setupClass(UserRepositoriesTest.java:26)
</failure>
  </testcase>
  <testcase name="null on com.fayaaz.ali.repositories.UserRepositoriesTest" classname="com.fayaaz.ali.repositories.UserRepositoriesTest" time="0.021">
    <failure type="java.lang.NullPointerException">java.lang.NullPointerException
	at com.fayaaz.ali.repositories.UserRepositoriesTest.tearDownClass(UserRepositoriesTest.java:76)
</failure>
  </testcase>
  <testcase name="shouldTestSpy on shouldTestSpy(com.fayaaz.ali.repositories.UserRepositoriesTest)" classname="com.fayaaz.ali.repositories.UserRepositoriesTest" time="0">
    <skipped/>
  </testcase>
  <testcase name="shouldTestSpySecondCall on shouldTestSpySecondCall(com.fayaaz.ali.repositories.UserRepositoriesTest)" classname="com.fayaaz.ali.repositories.UserRepositoriesTest" time="0">
    <skipped/>
  </testcase>
  <testcase name="shouldReturnAllUserThenThrowSQLException on shouldReturnAllUserThenThrowSQLException(com.fayaaz.ali.repositories.UserRepositoriesTest)" classname="com.fayaaz.ali.repositories.UserRepositoriesTest" time="0">
    <skipped/>
  </testcase>
  <testcase name="shouldReturnAllUser on shouldReturnAllUser(com.fayaaz.ali.repositories.UserRepositoriesTest)" classname="com.fayaaz.ali.repositories.UserRepositoriesTest" time="0">
    <skipped/>
  </testcase>
  <testcase name="shouldReturnUserRepoImpl on shouldReturnUserRepoImpl(com.fayaaz.ali.repositories.UserRepositoriesTest)" classname="com.fayaaz.ali.repositories.UserRepositoriesTest" time="0">
    <skipped/>
  </testcase>
  <testcase name="ShouldReturnUserServiceImplementation on ShouldReturnUserServiceImplementation(com.fayaaz.ali.services.UserServiceTest)" classname="com.fayaaz.ali.services.UserServiceTest" time="0.015"/>
  <testcase name="shouldReturnListOfAllUsers on shouldReturnListOfAllUsers(com.fayaaz.ali.services.UserServiceTest)" classname="com.fayaaz.ali.services.UserServiceTest" time="0.003"/>
</testsuite>