<?xml version="1.0" encoding="UTF-8"?>
<!-- Generated by org.testng.reporters.JUnitXMLReporter -->
<testsuite hostname="SEGOTW10383333" ignored="0" name="Surefire test" tests="12" failures="0" timestamp="2019-09-09T15:21:32 CEST" time="0.425" errors="0">
  <testcase name="null" time="0.0" classname="com.fayaaz.ali.repositories.UserRepositoriesTest">
    <failure type="java.sql.SQLException" message="No suitable driver found for jdbc:h2:mem:test">
      <![CDATA[java.sql.SQLException: No suitable driver found for jdbc:h2:mem:test
at java.sql.DriverManager.getConnection(DriverManager.java:689)
at java.sql.DriverManager.getConnection(DriverManager.java:270)
at com.fayaaz.ali.services.BaseTest.getH2Connection(BaseTest.java:35)
at com.fayaaz.ali.repositories.UserRepositoriesTest.setupClass(UserRepositoriesTest.java:26)
at org.junit.runners.model.FrameworkMethod$1.runReflectiveCall(FrameworkMethod.java:47)
at org.junit.internal.runners.model.ReflectiveCallable.run(ReflectiveCallable.java:12)
at org.junit.runners.model.FrameworkMethod.invokeExplosively(FrameworkMethod.java:44)
at org.junit.internal.runners.statements.RunBefores.evaluate(RunBefores.java:24)
at org.junit.internal.runners.statements.RunAfters.evaluate(RunAfters.java:27)
at org.junit.runners.ParentRunner.run(ParentRunner.java:309)
at org.junit.runner.JUnitCore.run(JUnitCore.java:160)
at org.junit.runner.JUnitCore.run(JUnitCore.java:138)
at java.util.ArrayList.forEach(ArrayList.java:1257)
... Removed 28 stack frames]]>
    </failure>
  </testcase> <!-- null -->
  <testcase name="null" time="0.0" classname="com.fayaaz.ali.repositories.UserRepositoriesTest">
    <failure type="java.lang.NullPointerException">
      <![CDATA[java.lang.NullPointerException
at com.fayaaz.ali.repositories.UserRepositoriesTest.tearDownClass(UserRepositoriesTest.java:76)
at org.junit.runners.model.FrameworkMethod$1.runReflectiveCall(FrameworkMethod.java:47)
at org.junit.internal.runners.model.ReflectiveCallable.run(ReflectiveCallable.java:12)
at org.junit.runners.model.FrameworkMethod.invokeExplosively(FrameworkMethod.java:44)
at org.junit.internal.runners.statements.RunAfters.evaluate(RunAfters.java:33)
at org.junit.runners.ParentRunner.run(ParentRunner.java:309)
at org.junit.runner.JUnitCore.run(JUnitCore.java:160)
at org.junit.runner.JUnitCore.run(JUnitCore.java:138)
at java.util.ArrayList.forEach(ArrayList.java:1257)
... Removed 28 stack frames]]>
    </failure>
  </testcase> <!-- null -->
  <testcase name="shouldAnswerWithTrue on shouldAnswerWithTrue(com.fayaaz.ali.AppTest)" time="0.004" classname="com.fayaaz.ali.AppTest"/>
  <testcase name="shouldReturnTwoWhenOnePlusOneCalledOnAdd on shouldReturnTwoWhenOnePlusOneCalledOnAdd(com.fayaaz.ali.CalculatorTest)" time="0.352" classname="com.fayaaz.ali.CalculatorTest"/>
  <testcase name="shouldReturnInstanceOfACalculator on shouldReturnInstanceOfACalculator(com.fayaaz.ali.CalculatorTest)" time="0.353" classname="com.fayaaz.ali.CalculatorTest"/>
  <testcase name="shouldReturnInstanceOfUserManager on shouldReturnInstanceOfUserManager(com.fayaaz.ali.managers.UserManagerTest)" time="0.002" classname="com.fayaaz.ali.managers.UserManagerTest"/>
  <testcase name="showReturnListOfUser on showReturnListOfUser(com.fayaaz.ali.managers.UserManagerTest)" time="0.017" classname="com.fayaaz.ali.managers.UserManagerTest"/>
  <testcase name="shouldTestSpy on shouldTestSpy(com.fayaaz.ali.repositories.UserRepositoriesTest)" time="0.0" classname="com.fayaaz.ali.repositories.UserRepositoriesTest">
    <skipped/>
  </testcase> <!-- shouldTestSpy on shouldTestSpy(com.fayaaz.ali.repositories.UserRepositoriesTest) -->
  <testcase name="shouldTestSpySecondCall on shouldTestSpySecondCall(com.fayaaz.ali.repositories.UserRepositoriesTest)" time="0.0" classname="com.fayaaz.ali.repositories.UserRepositoriesTest">
    <skipped/>
  </testcase> <!-- shouldTestSpySecondCall on shouldTestSpySecondCall(com.fayaaz.ali.repositories.UserRepositoriesTest) -->
  <testcase name="shouldReturnAllUserThenThrowSQLException on shouldReturnAllUserThenThrowSQLException(com.fayaaz.ali.repositories.UserRepositoriesTest)" time="0.0" classname="com.fayaaz.ali.repositories.UserRepositoriesTest">
    <skipped/>
  </testcase> <!-- shouldReturnAllUserThenThrowSQLException on shouldReturnAllUserThenThrowSQLException(com.fayaaz.ali.repositories.UserRepositoriesTest) -->
  <testcase name="shouldReturnAllUser on shouldReturnAllUser(com.fayaaz.ali.repositories.UserRepositoriesTest)" time="0.0" classname="com.fayaaz.ali.repositories.UserRepositoriesTest">
    <skipped/>
  </testcase> <!-- shouldReturnAllUser on shouldReturnAllUser(com.fayaaz.ali.repositories.UserRepositoriesTest) -->
  <testcase name="shouldReturnUserRepoImpl on shouldReturnUserRepoImpl(com.fayaaz.ali.repositories.UserRepositoriesTest)" time="0.0" classname="com.fayaaz.ali.repositories.UserRepositoriesTest">
    <skipped/>
  </testcase> <!-- shouldReturnUserRepoImpl on shouldReturnUserRepoImpl(com.fayaaz.ali.repositories.UserRepositoriesTest) -->
  <testcase name="ShouldReturnUserServiceImplementation on ShouldReturnUserServiceImplementation(com.fayaaz.ali.services.UserServiceTest)" time="0.015" classname="com.fayaaz.ali.services.UserServiceTest"/>
  <testcase name="shouldReturnListOfAllUsers on shouldReturnListOfAllUsers(com.fayaaz.ali.services.UserServiceTest)" time="0.018" classname="com.fayaaz.ali.services.UserServiceTest"/>
</testsuite> <!-- Surefire test -->
